Using pre-set license
Built from '2020.3/staging' branch; Version is '2020.3.21f1 (a38c86f6690f) revision 10718342'; Using compiler version '192528614'; Build Type 'Release'
OS: 'Windows 10 Enterprise LTSC 2019; OS build 17763.2686; Version 1809; 64bit' Language: 'en' Physical Memory: 8112 MB
BatchMode: 1, IsHumanControllingUs: 0, StartBugReporterOnCrash: 0, Is64bit: 1, IsPro: 0

COMMAND LINE ARGUMENTS:
C:\Unity\Editor\Unity.exe
-adb2
-batchMode
-noUpm
-name
AssetImportWorker0
-projectPath
C:/Users/872974/RollABallV2
-logFile
Logs/AssetImportWorker0.log
-srvPort
49471
Successfully changed project path to: C:/Users/872974/RollABallV2
C:/Users/872974/RollABallV2
Using Asset Import Pipeline V2.
Refreshing native plugins compatible for Editor in 32.76 ms, found 2 plugins.
Preloading 0 native plugins for Editor in 0.00 ms.
Initialize engine version: 2020.3.21f1 (a38c86f6690f)
[Subsystems] Discovering subsystems at path C:/Unity/Editor/Data/Resources/UnitySubsystems
[Subsystems] Discovering subsystems at path C:/Users/872974/RollABallV2/Assets
GfxDevice: creating device client; threaded=0
Direct3D:
    Version:  Direct3D 11.0 [level 11.0]
    Renderer: NVIDIA Quadro K420 (ID=0xff3)
    Vendor:   
    VRAM:     2007 MB
    Driver:   23.21.13.9174
Initialize mono
Mono path[0] = 'C:/Unity/Editor/Data/Managed'
Mono path[1] = 'C:/Unity/Editor/Data/MonoBleedingEdge/lib/mono/unityjit'
Mono config path = 'C:/Unity/Editor/Data/MonoBleedingEdge/etc'
Using monoOptions --debugger-agent=transport=dt_socket,embedding=1,server=y,suspend=n,address=127.0.0.1:56004
Begin MonoManager ReloadAssembly
Registering precompiled unity dll's ...
Register platform support module: C:/Unity/Editor/Data/PlaybackEngines/WebGLSupport/UnityEditor.WebGL.Extensions.dll
Register platform support module: C:/Unity/Editor/Data/PlaybackEngines/WindowsStandaloneSupport/UnityEditor.WindowsStandalone.Extensions.dll
Registered in 0.001846 seconds.
Native extension for WindowsStandalone target not found
Native extension for WebGL target not found
Refreshing native plugins compatible for Editor in 30.36 ms, found 2 plugins.
Preloading 0 native plugins for Editor in 0.00 ms.
Mono: successfully reloaded assembly
- Completed reload, in  1.265 seconds
Domain Reload Profiling:
	ReloadAssembly (1265ms)
		BeginReloadAssembly (51ms)
			ExecutionOrderSort (0ms)
			DisableScriptedObjects (0ms)
			BackupInstance (0ms)
			ReleaseScriptingObjects (0ms)
			CreateAndSetChildDomain (1ms)
		EndReloadAssembly (447ms)
			LoadAssemblies (49ms)
			RebuildTransferFunctionScriptingTraits (0ms)
			SetupTypeCache (160ms)
			ReleaseScriptCaches (0ms)
			RebuildScriptCaches (34ms)
			SetupLoadedEditorAssemblies (164ms)
				LogAssemblyErrors (0ms)
				InitializePlatformSupportModulesInManaged (5ms)
				SetLoadedEditorAssemblies (0ms)
				RefreshPlugins (30ms)
				BeforeProcessingInitializeOnLoad (8ms)
				ProcessInitializeOnLoadAttributes (91ms)
				ProcessInitializeOnLoadMethodAttributes (29ms)
				AfterProcessingInitializeOnLoad (0ms)
				EditorAssembliesLoaded (0ms)
			ExecutionOrderSort2 (0ms)
			AwakeInstancesAfterBackupRestoration (0ms)
Platform modules already initialized, skipping
Registering precompiled user dll's ...
Registered in 0.004423 seconds.
Begin MonoManager ReloadAssembly
Native extension for WindowsStandalone target not found
Native extension for WebGL target not found
Refreshing native plugins compatible for Editor in 0.35 ms, found 2 plugins.
Preloading 0 native plugins for Editor in 0.00 ms.
Mono: successfully reloaded assembly
- Completed reload, in  0.969 seconds
Domain Reload Profiling:
	ReloadAssembly (970ms)
		BeginReloadAssembly (151ms)
			ExecutionOrderSort (0ms)
			DisableScriptedObjects (4ms)
			BackupInstance (0ms)
			ReleaseScriptingObjects (0ms)
			CreateAndSetChildDomain (20ms)
		EndReloadAssembly (755ms)
			LoadAssemblies (85ms)
			RebuildTransferFunctionScriptingTraits (0ms)
			SetupTypeCache (270ms)
			ReleaseScriptCaches (0ms)
			RebuildScriptCaches (40ms)
			SetupLoadedEditorAssemblies (273ms)
				LogAssemblyErrors (0ms)
				InitializePlatformSupportModulesInManaged (5ms)
				SetLoadedEditorAssemblies (0ms)
				RefreshPlugins (0ms)
				BeforeProcessingInitializeOnLoad (51ms)
				ProcessInitializeOnLoadAttributes (203ms)
				ProcessInitializeOnLoadMethodAttributes (8ms)
				AfterProcessingInitializeOnLoad (5ms)
				EditorAssembliesLoaded (0ms)
			ExecutionOrderSort2 (0ms)
			AwakeInstancesAfterBackupRestoration (6ms)
Platform modules already initialized, skipping
========================================================================
Worker process is ready to serve import requests
Launched and connected shader compiler UnityShaderCompiler.exe after 0.06 seconds
Refreshing native plugins compatible for Editor in 0.33 ms, found 2 plugins.
Preloading 0 native plugins for Editor in 0.00 ms.
Unloading 1491 Unused Serialized files (Serialized files now loaded: 0)
System memory in use before: 67.9 MB.
System memory in use after: 68.0 MB.

Unloading 19 unused Assets to reduce memory usage. Loaded Objects now: 1928.
Total: 5.374300 ms (FindLiveObjects: 0.398900 ms CreateObjectMapping: 0.095100 ms MarkObjects: 4.690500 ms  DeleteObjects: 0.187600 ms)

AssetImportParameters requested are different than current active one (requested -> active):
  custom:framework-win-MediaFoundation: 216162199b28c13a410421893ffa2e32 -> 
  custom:video-decoder-ogg-theora: a1e56fd34408186e4bbccfd4996cb3dc -> 
  custom:container-muxer-webm: aa71ff27fc2769a1b78a27578f13a17b -> 
  custom:container-demuxer-webm: 4f35f7cbe854078d1ac9338744f61a02 -> 
  custom:container-demuxer-ogg: 62fdf1f143b41e24485cea50d1cbac27 -> 
  custom:video-encoder-webm-vp8: eb34c28f22e8b96e1ab97ce403110664 -> 
  custom:video-decoder-webm-vp8: 9c59270c3fd7afecdb556c50c9e8de78 -> 
  custom:audio-decoder-ogg-vorbis: bf7c407c2cedff20999df2af8eb42d56 -> 
  custom:audio-encoder-webm-vorbis: bf7c407c2cedff20999df2af8eb42d56 -> 
========================================================================
Received Import Request.
  path: Assets/Prefabs/OptimizedTree.prefab
  artifactKey: Guid(51a0be69f160ad741bb638f7ad724f11) Importer(815301076,1909f56bfc062723c751e8b465ee728b)
Start importing Assets/Prefabs/OptimizedTree.prefab using Guid(51a0be69f160ad741bb638f7ad724f11) Importer(815301076,1909f56bfc062723c751e8b465ee728b)  -> (artifact id: '5d2ddc8e2a75bb46b604508e21c342dd') in 0.269148 seconds 
  Import took 0.302938 seconds .

========================================================================
Received Import Request.
  Time since last request: 0.735653 seconds.
  path: Assets/Prefabs/OptimizedTree.prefab
  artifactKey: Guid(51a0be69f160ad741bb638f7ad724f11) Importer(815301076,1909f56bfc062723c751e8b465ee728b)
Start importing Assets/Prefabs/OptimizedTree.prefab using Guid(51a0be69f160ad741bb638f7ad724f11) Importer(815301076,1909f56bfc062723c751e8b465ee728b)  -> (artifact id: '3e7be89eae6b1490b502b029a8f11e2a') in 0.013569 seconds 
  Import took 0.029622 seconds .

========================================================================
Received Import Request.
  Time since last request: 9.730314 seconds.
  path: Assets/Prefabs/OptimizedTree.prefab
  artifactKey: Guid(51a0be69f160ad741bb638f7ad724f11) Importer(815301076,1909f56bfc062723c751e8b465ee728b)
Start importing Assets/Prefabs/OptimizedTree.prefab using Guid(51a0be69f160ad741bb638f7ad724f11) Importer(815301076,1909f56bfc062723c751e8b465ee728b)  -> (artifact id: 'd9dc5923cfb888a14c4d1651301b542c') in 0.013372 seconds 
  Import took 0.016341 seconds .

========================================================================
Received Import Request.
  Time since last request: 4.398377 seconds.
  path: Assets/Prefabs/OptimizedTree.prefab
  artifactKey: Guid(51a0be69f160ad741bb638f7ad724f11) Importer(815301076,1909f56bfc062723c751e8b465ee728b)
Start importing Assets/Prefabs/OptimizedTree.prefab using Guid(51a0be69f160ad741bb638f7ad724f11) Importer(815301076,1909f56bfc062723c751e8b465ee728b)  -> (artifact id: 'e4926b52dbf85b5e23c3ed49d37379c3') in 0.013088 seconds 
  Import took 0.016652 seconds .

========================================================================
Received Import Request.
  Time since last request: 5.853791 seconds.
  path: Assets/Prefabs/OptimizedTree.prefab
  artifactKey: Guid(51a0be69f160ad741bb638f7ad724f11) Importer(815301076,1909f56bfc062723c751e8b465ee728b)
Start importing Assets/Prefabs/OptimizedTree.prefab using Guid(51a0be69f160ad741bb638f7ad724f11) Importer(815301076,1909f56bfc062723c751e8b465ee728b)  -> (artifact id: '8c3392791151e526c142af520002ce10') in 0.012699 seconds 
  Import took 0.028113 seconds .

========================================================================
Received Import Request.
  Time since last request: 2.575586 seconds.
  path: Assets/Prefabs/OptimizedTree.prefab
  artifactKey: Guid(51a0be69f160ad741bb638f7ad724f11) Importer(815301076,1909f56bfc062723c751e8b465ee728b)
Start importing Assets/Prefabs/OptimizedTree.prefab using Guid(51a0be69f160ad741bb638f7ad724f11) Importer(815301076,1909f56bfc062723c751e8b465ee728b)  -> (artifact id: '2d59f4ca2cfe05413a28238079a41d4f') in 0.012461 seconds 
  Import took 0.026955 seconds .

========================================================================
Received Import Request.
  Time since last request: 4.808275 seconds.
  path: Assets/Prefabs/OptimizedTree.prefab
  artifactKey: Guid(51a0be69f160ad741bb638f7ad724f11) Importer(815301076,1909f56bfc062723c751e8b465ee728b)
Start importing Assets/Prefabs/OptimizedTree.prefab using Guid(51a0be69f160ad741bb638f7ad724f11) Importer(815301076,1909f56bfc062723c751e8b465ee728b)  -> (artifact id: '5b344d26afecf00773610b9b41cbe837') in 0.011810 seconds 
  Import took 0.020844 seconds .

========================================================================
Received Import Request.
  Time since last request: 3.622119 seconds.
  path: Assets/Prefabs/OptimizedTree.prefab
  artifactKey: Guid(51a0be69f160ad741bb638f7ad724f11) Importer(815301076,1909f56bfc062723c751e8b465ee728b)
Start importing Assets/Prefabs/OptimizedTree.prefab using Guid(51a0be69f160ad741bb638f7ad724f11) Importer(815301076,1909f56bfc062723c751e8b465ee728b)  -> (artifact id: '0335e9beaf36b2538136e93a6a7a24f3') in 0.011852 seconds 
  Import took 0.015017 seconds .

========================================================================
Received Import Request.
  Time since last request: 1.600848 seconds.
  path: Assets/Prefabs/OptimizedTree.prefab
  artifactKey: Guid(51a0be69f160ad741bb638f7ad724f11) Importer(815301076,1909f56bfc062723c751e8b465ee728b)
Start importing Assets/Prefabs/OptimizedTree.prefab using Guid(51a0be69f160ad741bb638f7ad724f11) Importer(815301076,1909f56bfc062723c751e8b465ee728b)  -> (artifact id: '079edd5b4c6f1fed477ba719ca819e25') in 0.013099 seconds 
  Import took 0.035692 seconds .

========================================================================
Received Import Request.
  Time since last request: 4.188873 seconds.
  path: Assets/Prefabs/OptimizedTree.prefab
  artifactKey: Guid(51a0be69f160ad741bb638f7ad724f11) Importer(815301076,1909f56bfc062723c751e8b465ee728b)
Start importing Assets/Prefabs/OptimizedTree.prefab using Guid(51a0be69f160ad741bb638f7ad724f11) Importer(815301076,1909f56bfc062723c751e8b465ee728b)  -> (artifact id: '9f91c46c5e56b05dc34b4b16f4325e86') in 0.012932 seconds 
  Import took 0.016477 seconds .

========================================================================
Received Import Request.
  Time since last request: 1.812051 seconds.
  path: Assets/Prefabs/OptimizedTree.prefab
  artifactKey: Guid(51a0be69f160ad741bb638f7ad724f11) Importer(815301076,1909f56bfc062723c751e8b465ee728b)
Start importing Assets/Prefabs/OptimizedTree.prefab using Guid(51a0be69f160ad741bb638f7ad724f11) Importer(815301076,1909f56bfc062723c751e8b465ee728b)  -> (artifact id: 'b6e391683cda2541fdb858a895e76d7e') in 0.012498 seconds 
  Import took 0.016618 seconds .

========================================================================
Received Import Request.
  Time since last request: 5.472604 seconds.
  path: Assets/Prefabs/OptimizedTree.prefab
  artifactKey: Guid(51a0be69f160ad741bb638f7ad724f11) Importer(815301076,1909f56bfc062723c751e8b465ee728b)
Start importing Assets/Prefabs/OptimizedTree.prefab using Guid(51a0be69f160ad741bb638f7ad724f11) Importer(815301076,1909f56bfc062723c751e8b465ee728b)  -> (artifact id: '7398f610e68966034d651139ee92f9b9') in 0.011522 seconds 
  Import took 0.029512 seconds .

========================================================================
Received Import Request.
  Time since last request: 1.965543 seconds.
  path: Assets/Prefabs/OptimizedTree.prefab
  artifactKey: Guid(51a0be69f160ad741bb638f7ad724f11) Importer(815301076,1909f56bfc062723c751e8b465ee728b)
Start importing Assets/Prefabs/OptimizedTree.prefab using Guid(51a0be69f160ad741bb638f7ad724f11) Importer(815301076,1909f56bfc062723c751e8b465ee728b)  -> (artifact id: '4e9460b32448caf0f2a8cf31da711489') in 0.012066 seconds 
  Import took 0.022387 seconds .

========================================================================
Received Import Request.
  Time since last request: 4.838119 seconds.
  path: Assets/Prefabs/OptimizedTree.prefab
  artifactKey: Guid(51a0be69f160ad741bb638f7ad724f11) Importer(815301076,1909f56bfc062723c751e8b465ee728b)
Start importing Assets/Prefabs/OptimizedTree.prefab using Guid(51a0be69f160ad741bb638f7ad724f11) Importer(815301076,1909f56bfc062723c751e8b465ee728b)  -> (artifact id: 'a798e9ada92dc3a79226a7dc45bebecb') in 0.012131 seconds 
  Import took 0.027387 seconds .

========================================================================
Received Import Request.
  Time since last request: 1.161645 seconds.
  path: Assets/Prefabs/OptimizedTree.prefab
  artifactKey: Guid(51a0be69f160ad741bb638f7ad724f11) Importer(815301076,1909f56bfc062723c751e8b465ee728b)
Start importing Assets/Prefabs/OptimizedTree.prefab using Guid(51a0be69f160ad741bb638f7ad724f11) Importer(815301076,1909f56bfc062723c751e8b465ee728b)  -> (artifact id: '68b68e3d124a096433aca103ef485221') in 0.012459 seconds 
  Import took 0.032503 seconds .

========================================================================
Received Import Request.
  Time since last request: 3.822736 seconds.
  path: Assets/Prefabs/OptimizedTree.prefab
  artifactKey: Guid(51a0be69f160ad741bb638f7ad724f11) Importer(815301076,1909f56bfc062723c751e8b465ee728b)
Start importing Assets/Prefabs/OptimizedTree.prefab using Guid(51a0be69f160ad741bb638f7ad724f11) Importer(815301076,1909f56bfc062723c751e8b465ee728b)  -> (artifact id: 'cce1ffa95035653d12773754ccc4e359') in 0.011075 seconds 
  Import took 0.035231 seconds .

========================================================================
Received Import Request.
  Time since last request: 0.934192 seconds.
  path: Assets/Prefabs/OptimizedTree.prefab
  artifactKey: Guid(51a0be69f160ad741bb638f7ad724f11) Importer(815301076,1909f56bfc062723c751e8b465ee728b)
Start importing Assets/Prefabs/OptimizedTree.prefab using Guid(51a0be69f160ad741bb638f7ad724f11) Importer(815301076,1909f56bfc062723c751e8b465ee728b)  -> (artifact id: '86a891d3bdb0e8d687210f21dfd26992') in 0.011974 seconds 
  Import took 0.022739 seconds .

========================================================================
Received Import Request.
  Time since last request: 6.473647 seconds.
  path: Assets/Prefabs/OptimizedTree.prefab
  artifactKey: Guid(51a0be69f160ad741bb638f7ad724f11) Importer(815301076,1909f56bfc062723c751e8b465ee728b)
Start importing Assets/Prefabs/OptimizedTree.prefab using Guid(51a0be69f160ad741bb638f7ad724f11) Importer(815301076,1909f56bfc062723c751e8b465ee728b)  -> (artifact id: '8df9b098e448e1934a9ce2df3a1ae805') in 0.011926 seconds 
  Import took 0.016102 seconds .

========================================================================
Received Import Request.
  Time since last request: 0.958682 seconds.
  path: Assets/Prefabs/OptimizedTree.prefab
  artifactKey: Guid(51a0be69f160ad741bb638f7ad724f11) Importer(815301076,1909f56bfc062723c751e8b465ee728b)
Start importing Assets/Prefabs/OptimizedTree.prefab using Guid(51a0be69f160ad741bb638f7ad724f11) Importer(815301076,1909f56bfc062723c751e8b465ee728b)  -> (artifact id: 'dd6c581d5878590c69c4b2b3594f4049') in 0.028246 seconds 
  Import took 0.045412 seconds .

========================================================================
Received Import Request.
  Time since last request: 6.610207 seconds.
  path: Assets/Prefabs/OptimizedTree.prefab
  artifactKey: Guid(51a0be69f160ad741bb638f7ad724f11) Importer(815301076,1909f56bfc062723c751e8b465ee728b)
Start importing Assets/Prefabs/OptimizedTree.prefab using Guid(51a0be69f160ad741bb638f7ad724f11) Importer(815301076,1909f56bfc062723c751e8b465ee728b)  -> (artifact id: '7b1561551eda5a575133c29e20150849') in 0.043945 seconds 
  Import took 0.052834 seconds .

========================================================================
Received Import Request.
  Time since last request: 1.148977 seconds.
  path: Assets/Prefabs/OptimizedTree.prefab
  artifactKey: Guid(51a0be69f160ad741bb638f7ad724f11) Importer(815301076,1909f56bfc062723c751e8b465ee728b)
Start importing Assets/Prefabs/OptimizedTree.prefab using Guid(51a0be69f160ad741bb638f7ad724f11) Importer(815301076,1909f56bfc062723c751e8b465ee728b)  -> (artifact id: '9951e2f322f9b54144a19903751eade0') in 0.011630 seconds 
  Import took 0.028656 seconds .

========================================================================
Received Import Request.
  Time since last request: 3.638225 seconds.
  path: Assets/Prefabs/OptimizedTree.prefab
  artifactKey: Guid(51a0be69f160ad741bb638f7ad724f11) Importer(815301076,1909f56bfc062723c751e8b465ee728b)
Start importing Assets/Prefabs/OptimizedTree.prefab using Guid(51a0be69f160ad741bb638f7ad724f11) Importer(815301076,1909f56bfc062723c751e8b465ee728b)  -> (artifact id: 'db93f8d76d720d77350190e6cddb1d83') in 0.011572 seconds 
  Import took 0.017316 seconds .

========================================================================
Received Import Request.
  Time since last request: 0.865571 seconds.
  path: Assets/Prefabs/OptimizedTree.prefab
  artifactKey: Guid(51a0be69f160ad741bb638f7ad724f11) Importer(815301076,1909f56bfc062723c751e8b465ee728b)
Start importing Assets/Prefabs/OptimizedTree.prefab using Guid(51a0be69f160ad741bb638f7ad724f11) Importer(815301076,1909f56bfc062723c751e8b465ee728b)  -> (artifact id: 'fcba98decc30c75f532f713304a05e48') in 0.012765 seconds 
  Import took 0.016650 seconds .

========================================================================
Received Import Request.
  Time since last request: 3.753022 seconds.
  path: Assets/Prefabs/OptimizedTree.prefab
  artifactKey: Guid(51a0be69f160ad741bb638f7ad724f11) Importer(815301076,1909f56bfc062723c751e8b465ee728b)
Start importing Assets/Prefabs/OptimizedTree.prefab using Guid(51a0be69f160ad741bb638f7ad724f11) Importer(815301076,1909f56bfc062723c751e8b465ee728b)  -> (artifact id: 'c8f35a0371988e964cfb257d9bf4ad8e') in 0.012355 seconds 
  Import took 0.031343 seconds .

========================================================================
Received Import Request.
  Time since last request: 0.963153 seconds.
  path: Assets/Prefabs/OptimizedTree.prefab
  artifactKey: Guid(51a0be69f160ad741bb638f7ad724f11) Importer(815301076,1909f56bfc062723c751e8b465ee728b)
Start importing Assets/Prefabs/OptimizedTree.prefab using Guid(51a0be69f160ad741bb638f7ad724f11) Importer(815301076,1909f56bfc062723c751e8b465ee728b)  -> (artifact id: 'eb2ce9381151391490a9960f7aa6233b') in 0.013519 seconds 
  Import took 0.023461 seconds .

========================================================================
Received Import Request.
  Time since last request: 52.395919 seconds.
  path: Assets/Tree.prefab
  artifactKey: Guid(76cde62688c61c344b8f32809e6e4df7) Importer(815301076,1909f56bfc062723c751e8b465ee728b)
Start importing Assets/Tree.prefab using Guid(76cde62688c61c344b8f32809e6e4df7) Importer(815301076,1909f56bfc062723c751e8b465ee728b)  -> (artifact id: '04067ad6ae90552939cf4c743a66ff3d') in 0.317734 seconds 
  Import took 0.331885 seconds .

========================================================================
Received Prepare
Registering precompiled user dll's ...
Registered in 0.004267 seconds.
Begin MonoManager ReloadAssembly
Native extension for WindowsStandalone target not found
Native extension for WebGL target not found
Refreshing native plugins compatible for Editor in 0.31 ms, found 2 plugins.
Preloading 0 native plugins for Editor in 0.00 ms.
Mono: successfully reloaded assembly
- Completed reload, in  0.916 seconds
Domain Reload Profiling:
	ReloadAssembly (916ms)
		BeginReloadAssembly (108ms)
			ExecutionOrderSort (0ms)
			DisableScriptedObjects (4ms)
			BackupInstance (0ms)
			ReleaseScriptingObjects (0ms)
			CreateAndSetChildDomain (34ms)
		EndReloadAssembly (749ms)
			LoadAssemblies (91ms)
			RebuildTransferFunctionScriptingTraits (0ms)
			SetupTypeCache (263ms)
			ReleaseScriptCaches (1ms)
			RebuildScriptCaches (42ms)
			SetupLoadedEditorAssemblies (257ms)
				LogAssemblyErrors (0ms)
				InitializePlatformSupportModulesInManaged (5ms)
				SetLoadedEditorAssemblies (0ms)
				RefreshPlugins (0ms)
				BeforeProcessingInitializeOnLoad (47ms)
				ProcessInitializeOnLoadAttributes (189ms)
				ProcessInitializeOnLoadMethodAttributes (10ms)
				AfterProcessingInitializeOnLoad (5ms)
				EditorAssembliesLoaded (0ms)
			ExecutionOrderSort2 (0ms)
			AwakeInstancesAfterBackupRestoration (7ms)
Platform modules already initialized, skipping
Refreshing native plugins compatible for Editor in 0.33 ms, found 2 plugins.
Preloading 0 native plugins for Editor in 0.00 ms.
Unloading 1485 Unused Serialized files (Serialized files now loaded: 0)
System memory in use before: 71.3 MB.
System memory in use after: 71.4 MB.

Unloading 14 unused Assets to reduce memory usage. Loaded Objects now: 1973.
Total: 3.867400 ms (FindLiveObjects: 0.456900 ms CreateObjectMapping: 0.170100 ms MarkObjects: 3.208200 ms  DeleteObjects: 0.031300 ms)

AssetImportParameters requested are different than current active one (requested -> active):
  custom:framework-win-MediaFoundation: 216162199b28c13a410421893ffa2e32 -> 
  custom:video-decoder-ogg-theora: a1e56fd34408186e4bbccfd4996cb3dc -> 
  custom:container-muxer-webm: aa71ff27fc2769a1b78a27578f13a17b -> 
  custom:container-demuxer-webm: 4f35f7cbe854078d1ac9338744f61a02 -> 
  custom:container-demuxer-ogg: 62fdf1f143b41e24485cea50d1cbac27 -> 
  custom:video-encoder-webm-vp8: eb34c28f22e8b96e1ab97ce403110664 -> 
  custom:video-decoder-webm-vp8: 9c59270c3fd7afecdb556c50c9e8de78 -> 
  custom:audio-decoder-ogg-vorbis: bf7c407c2cedff20999df2af8eb42d56 -> 
  custom:audio-encoder-webm-vorbis: bf7c407c2cedff20999df2af8eb42d56 -> 
AssetImportWorkerClient::OnTransportError - code=2 error=End of file
